<?xml version="1.0" encoding="UTF-8"?>
<testsuite name="com.ms_security.ms_security.MsSecurityApplicationTests" tests="1" skipped="0" failures="0" errors="0" timestamp="2024-11-12T18:06:19" hostname="SAK" time="0.086">
  <properties/>
  <testcase name="contextLoads()" classname="com.ms_security.ms_security.MsSecurityApplicationTests" time="0.086"/>
  <system-out><![CDATA[Standard Commons Logging discovery in action with spring-jcl: please remove commons-logging.jar from classpath in order to avoid potential conflicts
13:05:52.593 [Test worker] INFO org.springframework.test.context.support.AnnotationConfigContextLoaderUtils -- Could not detect default configuration classes for test class [com.ms_security.ms_security.MsSecurityApplicationTests]: MsSecurityApplicationTests does not declare any static, non-private, non-final, nested classes annotated with @Configuration.
13:05:52.754 [Test worker] INFO org.springframework.boot.test.context.SpringBootTestContextBootstrapper -- Found @SpringBootConfiguration com.ms_security.ms_security.MsSecurityApplication for test class com.ms_security.ms_security.MsSecurityApplicationTests

  .   ____          _            __ _ _
 /\\ / ___'_ __ _ _(_)_ __  __ _ \ \ \ \
( ( )\___ | '_ | '_| | '_ \/ _` | \ \ \ \
 \\/  ___)| |_)| | | | | || (_| |  ) ) ) )
  '  |____| .__|_| |_|_| |_\__, | / / / /
 =========|_|==============|___/=/_/_/_/
 :: Spring Boot ::                (v3.1.2)

2024-11-12T13:05:53.662-05:00  WARN 27940 --- [    Test worker] ory$DuplicateJsonObjectContextCustomizer : 

Found multiple occurrences of org.json.JSONObject on the class path:

	jar:file:/C:/Users/jamp9/.gradle/caches/modules-2/files-2.1/org.json/json/20240303/ebb88e8fb5122b7506d5cf1d69f1ccdb790d22a/json-20240303.jar!/org/json/JSONObject.class
	jar:file:/C:/Users/jamp9/.gradle/caches/modules-2/files-2.1/com.vaadin.external.google/android-json/0.0.20131108.vaadin1/fa26d351fe62a6a17f5cda1287c1c6110dec413f/android-json-0.0.20131108.vaadin1.jar!/org/json/JSONObject.class

You may wish to exclude one of them to ensure predictable runtime behavior

2024-11-12T13:05:53.688-05:00  INFO 27940 --- [    Test worker] c.m.m.MsSecurityApplicationTests         : Starting MsSecurityApplicationTests using Java 17.0.11 with PID 27940 (started by jamp9 in C:\Users\jamp9\OneDrive\Documentos1\PROYECTOS\GuardianShop_Backend\ms-security)
2024-11-12T13:05:53.690-05:00  INFO 27940 --- [    Test worker] c.m.m.MsSecurityApplicationTests         : No active profile set, falling back to 1 default profile: "default"
2024-11-12T13:05:55.479-05:00  INFO 27940 --- [    Test worker] .s.d.r.c.RepositoryConfigurationDelegate : Multiple Spring Data modules found, entering strict repository configuration mode
2024-11-12T13:05:55.482-05:00  INFO 27940 --- [    Test worker] .s.d.r.c.RepositoryConfigurationDelegate : Bootstrapping Spring Data JPA repositories in DEFAULT mode.
2024-11-12T13:05:55.844-05:00  INFO 27940 --- [    Test worker] .s.d.r.c.RepositoryConfigurationDelegate : Finished Spring Data repository scanning in 350 ms. Found 13 JPA repository interfaces.
2024-11-12T13:05:55.889-05:00  INFO 27940 --- [    Test worker] .s.d.r.c.RepositoryConfigurationDelegate : Multiple Spring Data modules found, entering strict repository configuration mode
2024-11-12T13:05:55.892-05:00  INFO 27940 --- [    Test worker] .s.d.r.c.RepositoryConfigurationDelegate : Bootstrapping Spring Data Redis repositories in DEFAULT mode.
2024-11-12T13:05:55.926-05:00  INFO 27940 --- [    Test worker] .RepositoryConfigurationExtensionSupport : Spring Data Redis - Could not safely identify store assignment for repository candidate interface com.ms_security.ms_security.persistence.repository.ICartRepository; If you want this repository to be a Redis repository, consider annotating your entities with one of these annotations: org.springframework.data.redis.core.RedisHash (preferred), or consider extending one of the following types with your repository: org.springframework.data.keyvalue.repository.KeyValueRepository
2024-11-12T13:05:55.927-05:00  INFO 27940 --- [    Test worker] .RepositoryConfigurationExtensionSupport : Spring Data Redis - Could not safely identify store assignment for repository candidate interface com.ms_security.ms_security.persistence.repository.ICategoryRepository; If you want this repository to be a Redis repository, consider annotating your entities with one of these annotations: org.springframework.data.redis.core.RedisHash (preferred), or consider extending one of the following types with your repository: org.springframework.data.keyvalue.repository.KeyValueRepository
2024-11-12T13:05:55.928-05:00  INFO 27940 --- [    Test worker] .RepositoryConfigurationExtensionSupport : Spring Data Redis - Could not safely identify store assignment for repository candidate interface com.ms_security.ms_security.persistence.repository.IContactFormRepository; If you want this repository to be a Redis repository, consider annotating your entities with one of these annotations: org.springframework.data.redis.core.RedisHash (preferred), or consider extending one of the following types with your repository: org.springframework.data.keyvalue.repository.KeyValueRepository
2024-11-12T13:05:55.928-05:00  INFO 27940 --- [    Test worker] .RepositoryConfigurationExtensionSupport : Spring Data Redis - Could not safely identify store assignment for repository candidate interface com.ms_security.ms_security.persistence.repository.IEntriesRepository; If you want this repository to be a Redis repository, consider annotating your entities with one of these annotations: org.springframework.data.redis.core.RedisHash (preferred), or consider extending one of the following types with your repository: org.springframework.data.keyvalue.repository.KeyValueRepository
2024-11-12T13:05:55.928-05:00  INFO 27940 --- [    Test worker] .RepositoryConfigurationExtensionSupport : Spring Data Redis - Could not safely identify store assignment for repository candidate interface com.ms_security.ms_security.persistence.repository.IExitsRepository; If you want this repository to be a Redis repository, consider annotating your entities with one of these annotations: org.springframework.data.redis.core.RedisHash (preferred), or consider extending one of the following types with your repository: org.springframework.data.keyvalue.repository.KeyValueRepository
2024-11-12T13:05:55.929-05:00  INFO 27940 --- [    Test worker] .RepositoryConfigurationExtensionSupport : Spring Data Redis - Could not safely identify store assignment for repository candidate interface com.ms_security.ms_security.persistence.repository.IInventoryRepository; If you want this repository to be a Redis repository, consider annotating your entities with one of these annotations: org.springframework.data.redis.core.RedisHash (preferred), or consider extending one of the following types with your repository: org.springframework.data.keyvalue.repository.KeyValueRepository
2024-11-12T13:05:55.929-05:00  INFO 27940 --- [    Test worker] .RepositoryConfigurationExtensionSupport : Spring Data Redis - Could not safely identify store assignment for repository candidate interface com.ms_security.ms_security.persistence.repository.IOrderItemRepository; If you want this repository to be a Redis repository, consider annotating your entities with one of these annotations: org.springframework.data.redis.core.RedisHash (preferred), or consider extending one of the following types with your repository: org.springframework.data.keyvalue.repository.KeyValueRepository
2024-11-12T13:05:55.929-05:00  INFO 27940 --- [    Test worker] .RepositoryConfigurationExtensionSupport : Spring Data Redis - Could not safely identify store assignment for repository candidate interface com.ms_security.ms_security.persistence.repository.IOrderRepository; If you want this repository to be a Redis repository, consider annotating your entities with one of these annotations: org.springframework.data.redis.core.RedisHash (preferred), or consider extending one of the following types with your repository: org.springframework.data.keyvalue.repository.KeyValueRepository
2024-11-12T13:05:55.930-05:00  INFO 27940 --- [    Test worker] .RepositoryConfigurationExtensionSupport : Spring Data Redis - Could not safely identify store assignment for repository candidate interface com.ms_security.ms_security.persistence.repository.IParametersRepository; If you want this repository to be a Redis repository, consider annotating your entities with one of these annotations: org.springframework.data.redis.core.RedisHash (preferred), or consider extending one of the following types with your repository: org.springframework.data.keyvalue.repository.KeyValueRepository
2024-11-12T13:05:55.930-05:00  INFO 27940 --- [    Test worker] .RepositoryConfigurationExtensionSupport : Spring Data Redis - Could not safely identify store assignment for repository candidate interface com.ms_security.ms_security.persistence.repository.IPermissionRepository; If you want this repository to be a Redis repository, consider annotating your entities with one of these annotations: org.springframework.data.redis.core.RedisHash (preferred), or consider extending one of the following types with your repository: org.springframework.data.keyvalue.repository.KeyValueRepository
2024-11-12T13:05:55.930-05:00  INFO 27940 --- [    Test worker] .RepositoryConfigurationExtensionSupport : Spring Data Redis - Could not safely identify store assignment for repository candidate interface com.ms_security.ms_security.persistence.repository.IRoleRepository; If you want this repository to be a Redis repository, consider annotating your entities with one of these annotations: org.springframework.data.redis.core.RedisHash (preferred), or consider extending one of the following types with your repository: org.springframework.data.keyvalue.repository.KeyValueRepository
2024-11-12T13:05:55.930-05:00  INFO 27940 --- [    Test worker] .RepositoryConfigurationExtensionSupport : Spring Data Redis - Could not safely identify store assignment for repository candidate interface com.ms_security.ms_security.persistence.repository.IServicesRepository; If you want this repository to be a Redis repository, consider annotating your entities with one of these annotations: org.springframework.data.redis.core.RedisHash (preferred), or consider extending one of the following types with your repository: org.springframework.data.keyvalue.repository.KeyValueRepository
2024-11-12T13:05:55.931-05:00  INFO 27940 --- [    Test worker] .RepositoryConfigurationExtensionSupport : Spring Data Redis - Could not safely identify store assignment for repository candidate interface com.ms_security.ms_security.persistence.repository.IUserRepository; If you want this repository to be a Redis repository, consider annotating your entities with one of these annotations: org.springframework.data.redis.core.RedisHash (preferred), or consider extending one of the following types with your repository: org.springframework.data.keyvalue.repository.KeyValueRepository
2024-11-12T13:05:55.931-05:00  INFO 27940 --- [    Test worker] .s.d.r.c.RepositoryConfigurationDelegate : Finished Spring Data repository scanning in 19 ms. Found 0 Redis repository interfaces.
2024-11-12T13:05:56.520-05:00  INFO 27940 --- [    Test worker] ptablePropertiesBeanFactoryPostProcessor : Post-processing PropertySource instances
2024-11-12T13:05:56.524-05:00  INFO 27940 --- [    Test worker] c.u.j.EncryptablePropertySourceConverter : Skipping PropertySource configurationProperties [class org.springframework.boot.context.properties.source.ConfigurationPropertySourcesPropertySource
2024-11-12T13:05:56.530-05:00  INFO 27940 --- [    Test worker] c.u.j.EncryptablePropertySourceConverter : Converting PropertySource test [org.springframework.core.env.MapPropertySource] to EncryptableMapPropertySourceWrapper
2024-11-12T13:05:56.530-05:00  INFO 27940 --- [    Test worker] c.u.j.EncryptablePropertySourceConverter : Converting PropertySource Inlined Test Properties [org.springframework.core.env.MapPropertySource] to EncryptableMapPropertySourceWrapper
2024-11-12T13:05:56.531-05:00  INFO 27940 --- [    Test worker] c.u.j.EncryptablePropertySourceConverter : Skipping PropertySource servletConfigInitParams [class org.springframework.core.env.PropertySource$StubPropertySource
2024-11-12T13:05:56.531-05:00  INFO 27940 --- [    Test worker] c.u.j.EncryptablePropertySourceConverter : Converting PropertySource servletContextInitParams [org.springframework.web.context.support.ServletContextPropertySource] to EncryptableEnumerablePropertySourceWrapper
2024-11-12T13:05:56.532-05:00  INFO 27940 --- [    Test worker] c.u.j.EncryptablePropertySourceConverter : Converting PropertySource systemProperties [org.springframework.core.env.PropertiesPropertySource] to EncryptableMapPropertySourceWrapper
2024-11-12T13:05:56.532-05:00  INFO 27940 --- [    Test worker] c.u.j.EncryptablePropertySourceConverter : Converting PropertySource systemEnvironment [org.springframework.boot.env.SystemEnvironmentPropertySourceEnvironmentPostProcessor$OriginAwareSystemEnvironmentPropertySource] to EncryptableSystemEnvironmentPropertySourceWrapper
2024-11-12T13:05:56.532-05:00  INFO 27940 --- [    Test worker] c.u.j.EncryptablePropertySourceConverter : Converting PropertySource random [org.springframework.boot.env.RandomValuePropertySource] to EncryptablePropertySourceWrapper
2024-11-12T13:05:56.532-05:00  INFO 27940 --- [    Test worker] c.u.j.EncryptablePropertySourceConverter : Converting PropertySource Config resource 'class path resource [application.yml]' via location 'optional:classpath:/' [org.springframework.boot.env.OriginTrackedMapPropertySource] to EncryptableMapPropertySourceWrapper
2024-11-12T13:05:56.917-05:00  INFO 27940 --- [    Test worker] c.u.j.filter.DefaultLazyPropertyFilter   : Property Filter custom Bean not found with name 'encryptablePropertyFilter'. Initializing Default Property Filter
2024-11-12T13:05:56.955-05:00  INFO 27940 --- [    Test worker] c.u.j.r.DefaultLazyPropertyResolver      : Property Resolver custom Bean not found with name 'encryptablePropertyResolver'. Initializing Default Property Resolver
2024-11-12T13:05:56.961-05:00  INFO 27940 --- [    Test worker] c.u.j.d.DefaultLazyPropertyDetector      : Property Detector custom Bean not found with name 'encryptablePropertyDetector'. Initializing Default Property Detector
2024-11-12T13:05:56.979-05:00  INFO 27940 --- [    Test worker] c.u.j.encryptor.DefaultLazyEncryptor     : String Encryptor custom Bean not found with name 'jasyptStringEncryptor'. Initializing Default String Encryptor
2024-11-12T13:05:57.002-05:00  INFO 27940 --- [    Test worker] c.u.j.c.StringEncryptorBuilder           : Encryptor config not found for property jasypt.encryptor.key-obtention-iterations, using default value: 1000
2024-11-12T13:05:57.003-05:00  INFO 27940 --- [    Test worker] c.u.j.c.StringEncryptorBuilder           : Encryptor config not found for property jasypt.encryptor.pool-size, using default value: 1
2024-11-12T13:05:57.004-05:00  INFO 27940 --- [    Test worker] c.u.j.c.StringEncryptorBuilder           : Encryptor config not found for property jasypt.encryptor.provider-name, using default value: null
2024-11-12T13:05:57.005-05:00  INFO 27940 --- [    Test worker] c.u.j.c.StringEncryptorBuilder           : Encryptor config not found for property jasypt.encryptor.provider-class-name, using default value: null
2024-11-12T13:05:57.005-05:00  INFO 27940 --- [    Test worker] c.u.j.c.StringEncryptorBuilder           : Encryptor config not found for property jasypt.encryptor.salt-generator-classname, using default value: org.jasypt.salt.RandomSaltGenerator
2024-11-12T13:05:57.009-05:00  INFO 27940 --- [    Test worker] c.u.j.c.StringEncryptorBuilder           : Encryptor config not found for property jasypt.encryptor.string-output-type, using default value: base64
2024-11-12T13:05:57.335-05:00  INFO 27940 --- [    Test worker] o.hibernate.jpa.internal.util.LogHelper  : HHH000204: Processing PersistenceUnitInfo [name: default]
2024-11-12T13:05:57.497-05:00  INFO 27940 --- [    Test worker] org.hibernate.Version                    : HHH000412: Hibernate ORM core version 6.2.6.Final
2024-11-12T13:05:57.505-05:00  INFO 27940 --- [    Test worker] org.hibernate.cfg.Environment            : HHH000406: Using bytecode reflection optimizer
2024-11-12T13:05:57.824-05:00  INFO 27940 --- [    Test worker] o.h.b.i.BytecodeProviderInitiator        : HHH000021: Bytecode provider name : bytebuddy
2024-11-12T13:05:58.110-05:00  INFO 27940 --- [    Test worker] o.s.o.j.p.SpringPersistenceUnitInfo      : No LoadTimeWeaver setup: ignoring JPA class transformer
2024-11-12T13:05:58.146-05:00  INFO 27940 --- [    Test worker] com.zaxxer.hikari.HikariDataSource       : HikariPool-1 - Starting...
2024-11-12T13:06:00.688-05:00  INFO 27940 --- [    Test worker] com.zaxxer.hikari.pool.HikariPool        : HikariPool-1 - Added connection com.mysql.cj.jdbc.ConnectionImpl@5340ccb9
2024-11-12T13:06:00.693-05:00  INFO 27940 --- [    Test worker] com.zaxxer.hikari.HikariDataSource       : HikariPool-1 - Start completed.
2024-11-12T13:06:00.965-05:00  WARN 27940 --- [    Test worker] org.hibernate.orm.deprecation            : HHH90000026: MySQL8Dialect has been deprecated; use org.hibernate.dialect.MySQLDialect instead
2024-11-12T13:06:01.530-05:00  INFO 27940 --- [    Test worker] o.h.b.i.BytecodeProviderInitiator        : HHH000021: Bytecode provider name : bytebuddy
2024-11-12T13:06:02.864-05:00  INFO 27940 --- [    Test worker] o.h.e.t.j.p.i.JtaPlatformInitiator       : HHH000490: Using JtaPlatform implementation: [org.hibernate.engine.transaction.jta.platform.internal.NoJtaPlatform]
2024-11-12T13:06:12.358-05:00  INFO 27940 --- [    Test worker] j.LocalContainerEntityManagerFactoryBean : Initialized JPA EntityManagerFactory for persistence unit 'default'
2024-11-12T13:06:14.490-05:00  INFO 27940 --- [    Test worker] c.m.ms_security.config.ErrorConfig       : Errores cargados: [com.ms_security.ms_security.service.model.dto.ErrorResponseDto@cb03360, com.ms_security.ms_security.service.model.dto.ErrorResponseDto@3a8ae302, com.ms_security.ms_security.service.model.dto.ErrorResponseDto@65134e6c, com.ms_security.ms_security.service.model.dto.ErrorResponseDto@3fd93330, com.ms_security.ms_security.service.model.dto.ErrorResponseDto@32ff3c98]
2024-11-12T13:06:15.607-05:00  INFO 27940 --- [    Test worker] c.m.m.config.ErrorControlConfig          : Response from API: [{"id":1,"errorId":1,"errorName":"SUCCESSFUL TRANSACTIONS","createdBy":"ANDRES MORENO","updatedBy":"ANDRES MORENO","dateTimeCreation":"2024-08-17T16:44:50.000+00:00","dateTimeUpdate":"2024-08-17T16:45:06.000+00:00"},{"id":2,"errorId":98,"errorName":"INVALID BASE 64","createdBy":"ANDRES MORENO","updatedBy":null,"dateTimeCreation":"2024-08-17T18:14:47.000+00:00","dateTimeUpdate":null},{"id":3,"errorId":99,"errorName":"GENERAL ERROR","createdBy":"ANDRES MORENO","updatedBy":null,"dateTimeCreation":"2024-08-17T18:15:24.000+00:00","dateTimeUpdate":null},{"id":4,"errorId":2,"errorName":"VALIDATION TYPE ERROR","createdBy":"ANDRES MORENO","updatedBy":null,"dateTimeCreation":"2024-11-12T11:53:42.109+00:00","dateTimeUpdate":null},{"id":5,"errorId":3,"errorName":"ID DOES NOT EXIST","createdBy":"ANDRES MORENO","updatedBy":null,"dateTimeCreation":"2024-11-12T12:07:30.769+00:00","dateTimeUpdate":null}]
2024-11-12T13:06:15.608-05:00  INFO 27940 --- [    Test worker] c.m.m.config.ErrorControlConfig          : Deserialized response: [com.ms_security.ms_security.service.model.dto.ErrorResponseDto@c358f32, com.ms_security.ms_security.service.model.dto.ErrorResponseDto@5e18a6a7, com.ms_security.ms_security.service.model.dto.ErrorResponseDto@505e483f, com.ms_security.ms_security.service.model.dto.ErrorResponseDto@f81bd2c, com.ms_security.ms_security.service.model.dto.ErrorResponseDto@2fedfff1]
2024-11-12T13:06:16.185-05:00  INFO 27940 --- [    Test worker] o.s.d.j.r.query.QueryEnhancerFactory     : Hibernate is in classpath; If applicable, HQL parser will be used.
2024-11-12T13:06:17.866-05:00  WARN 27940 --- [    Test worker] .s.s.UserDetailsServiceAutoConfiguration : 

Using generated security password: 382154b9-4d29-4d6c-8199-99c51a17cb1e

This generated password is for development use only. Your security configuration must be updated before running your application in production.

2024-11-12T13:06:18.064-05:00  INFO 27940 --- [    Test worker] o.s.s.web.DefaultSecurityFilterChain     : Will secure any request with [org.springframework.security.web.session.DisableEncodeUrlFilter@3bf6c2ae, org.springframework.security.web.context.request.async.WebAsyncManagerIntegrationFilter@44c1ce5a, org.springframework.security.web.context.SecurityContextHolderFilter@19ba5771, org.springframework.security.web.header.HeaderWriterFilter@238bee26, org.springframework.web.filter.CorsFilter@306a875c, org.springframework.security.web.authentication.logout.LogoutFilter@196d7c9e, com.ms_security.ms_security.security.JWTAuthorizationFilter@5bafd971, org.springframework.security.web.savedrequest.RequestCacheAwareFilter@126688a7, org.springframework.security.web.servletapi.SecurityContextHolderAwareRequestFilter@10e4bfa5, org.springframework.security.web.authentication.AnonymousAuthenticationFilter@56418318, org.springframework.security.web.session.SessionManagementFilter@8937f62, org.springframework.security.web.access.ExceptionTranslationFilter@e0eecbe, org.springframework.security.web.access.intercept.AuthorizationFilter@4b969bd9]
2024-11-12T13:06:19.586-05:00  INFO 27940 --- [    Test worker] c.m.m.MsSecurityApplicationTests         : Started MsSecurityApplicationTests in 26.52 seconds (process running for 28.983)
]]></system-out>
  <system-err><![CDATA[]]></system-err>
</testsuite>
